sub, 9, 987 = -978
sum, 9, 8 = 17
div, 8, 2 = 4.0
2025-05-13T18:25:55.153468 - patricia --> div, 8, 2 = 4.0
2025-05-13T18:25:59.772085 - patricia --> sum, 9, 8 = 17
2025-07-03T06:29:39.533975 - patricia --> sub, 1, 2 = -1
2025-07-03T06:36:58.702795 - patricia --> sum, 9, 8 = 17
2025-07-03T06:37:56.063733 - patricia --> sum, 9, 8 = 17
2025-07-03T06:38:32.652149 - patricia --> sum, 9, 5 = 14
2025-07-08T06:14:38.323672 - patricia --> sum, 1, 1 = 2
2025-07-17T07:06:23.020595 - patricia --> sum, 8, 8 = 16
2025-07-17T07:06:36.762929 - patricia --> sub, 10, 2 = 8
2025-07-17T07:07:08.011212 - patricia --> sum, 9, 6 = 15
2025-07-17T07:07:17.938503 - patricia --> div, 10, 2 = 5.0
2025-08-04T06:14:14.092437 - patricia --> sum, 5, 5 = 10
2025-08-04T06:15:57.294197 - patricia --> sum, 5, 5 = 10
2025-08-04T06:15:59.573614 - patricia --> sum, 5, 5 = 10
2025-08-04T06:16:01.965099 - patricia --> sum, 5, 5 = 10
2025-08-04T06:17:21.004586 - patricia --> sum, 5, 5 = 10
2025-08-04T06:17:27.806141 - patricia --> sub, 6, 5 = 1
2025-08-04T06:26:30.242855 - patricia --> sum, 5, 5 = 10
2025-08-04T06:26:39.431198 - patricia --> div, 10, 2 = 5.0
2025-08-04T06:30:05.869978 - patricia --> sub, 5, 5 = 0
2025-08-04T06:30:36.671287 - patricia --> div, 5, 5 = 1.0
2025-08-04T06:30:51.168932 - patricia --> sum, 3, 2 = 5
